  Markserv   boot: starting Markserv...
(node:26197) [DEP0128] DeprecationWarning: Invalid 'main' field in '/home/jaandrle/.npm/_npx/13a70f167aa91a98/node_modules/implant/package.json' of 'implant'. Please either fix that or report it to the module author
(Use `node --trace-deprecation ...` to show where the warning was created)
(node:26197) [DEP0128] DeprecationWarning: Invalid 'main' field in '/home/jaandrle/.npm/_npx/13a70f167aa91a98/node_modules/balanced-pairs/package.json' of 'balanced-pairs'. Please either fix that or report it to the module author
(node:26197) [DEP0128] DeprecationWarning: Invalid 'main' field in '/home/jaandrle/.npm/_npx/13a70f167aa91a98/node_modules/super-split/package.json' of 'super-split'. Please either fix that or report it to the module author
  Markserv   address: http://localhost:8642
  Markserv   path: /home/jaandrle/Vzdálené/GitHub/randomMDN
  Markserv   livereload: communicating on port: 35729
  Markserv   process: your pid is: 26197
  Markserv   stop: press [Ctrl + C] or type "sudo kill -9 26197"
    GitHub   Contribute on Github - github.com/markserv
  Markserv   upgrade: checking for upgrade...
  Markserv   dir: /home/jaandrle/Vzdálené/GitHub/randomMDN/
  Markserv   404: /home/jaandrle/Vzdálené/GitHub/randomMDN/markserv-color.svg
Error: ENOENT: no such file or directory, stat '/home/jaandrle/Vzdálené/GitHub/randomMDN/markserv-color.svg'
    at Object.statSync (node:fs:1596:3)
    at /home/jaandrle/.npm/_npx/13a70f167aa91a98/node_modules/markserv/lib/server.js:434:14
    at call (/home/jaandrle/.npm/_npx/13a70f167aa91a98/node_modules/connect/index.js:239:7)
    at next (/home/jaandrle/.npm/_npx/13a70f167aa91a98/node_modules/connect/index.js:183:5)
    at livereload (/home/jaandrle/.npm/_npx/13a70f167aa91a98/node_modules/connect-livereload/index.js:101:14)
    at call (/home/jaandrle/.npm/_npx/13a70f167aa91a98/node_modules/connect/index.js:239:7)
    at next (/home/jaandrle/.npm/_npx/13a70f167aa91a98/node_modules/connect/index.js:183:5)
    at Function.handle (/home/jaandrle/.npm/_npx/13a70f167aa91a98/node_modules/connect/index.js:186:3)
    at Server.app (/home/jaandrle/.npm/_npx/13a70f167aa91a98/node_modules/connect/index.js:51:37)
    at Server.emit (node:events:513:28)
    at parserOnIncoming (node:_http_server:1068:12)
    at HTTPParser.parserOnHeadersComplete (node:_http_common:117:17) {
  errno: -2,
  syscall: 'stat',
  code: 'ENOENT',
  path: '/home/jaandrle/Vzdálené/GitHub/randomMDN/markserv-color.svg'
}
  Markserv   404: /home/jaandrle/Vzdálené/GitHub/randomMDN/markserv-color.svg
Error: ENOENT: no such file or directory, stat '/home/jaandrle/Vzdálené/GitHub/randomMDN/markserv-color.svg'
    at Object.statSync (node:fs:1596:3)
    at /home/jaandrle/.npm/_npx/13a70f167aa91a98/node_modules/markserv/lib/server.js:434:14
    at call (/home/jaandrle/.npm/_npx/13a70f167aa91a98/node_modules/connect/index.js:239:7)
    at next (/home/jaandrle/.npm/_npx/13a70f167aa91a98/node_modules/connect/index.js:183:5)
    at livereload (/home/jaandrle/.npm/_npx/13a70f167aa91a98/node_modules/connect-livereload/index.js:101:14)
    at call (/home/jaandrle/.npm/_npx/13a70f167aa91a98/node_modules/connect/index.js:239:7)
    at next (/home/jaandrle/.npm/_npx/13a70f167aa91a98/node_modules/connect/index.js:183:5)
    at Function.handle (/home/jaandrle/.npm/_npx/13a70f167aa91a98/node_modules/connect/index.js:186:3)
    at Server.app (/home/jaandrle/.npm/_npx/13a70f167aa91a98/node_modules/connect/index.js:51:37)
    at Server.emit (node:events:513:28)
    at parserOnIncoming (node:_http_server:1068:12)
    at HTTPParser.parserOnHeadersComplete (node:_http_common:117:17) {
  errno: -2,
  syscall: 'stat',
  code: 'ENOENT',
  path: '/home/jaandrle/Vzdálené/GitHub/randomMDN/markserv-color.svg'
}
  Markserv   upgrade: no upgrade available
  Markserv   markdown: /home/jaandrle/Vzdálené/GitHub/randomMDN/README.md
  Markserv   markdown: /home/jaandrle/Vzdálené/GitHub/randomMDN/README.md
  Markserv   markdown: /home/jaandrle/Vzdálené/GitHub/randomMDN/README.md
  Markserv   markdown: /home/jaandrle/Vzdálené/GitHub/randomMDN/README.md
  Markserv   markdown: /home/jaandrle/Vzdálené/GitHub/randomMDN/README.md
  Markserv   markdown: /home/jaandrle/Vzdálené/GitHub/randomMDN/README.md
  Markserv   markdown: /home/jaandrle/Vzdálené/GitHub/randomMDN/README.md
  Markserv   markdown: /home/jaandrle/Vzdálené/GitHub/randomMDN/README.md
